++ _G_message='enabling shell trace mode'
++ func_echo_IFS=' 	
'
++ IFS='
'
++ for _G_line in $_G_message
++ IFS=' 	
'
++ printf '%s\n' 'libtoolize: enabling shell trace mode'
libtoolize: enabling shell trace mode
++ IFS=' 	
'
++ set -x
++ :
++ _G_rc_parse_options=:
++ test 1 -gt 0
++ func_run_hooks func_parse_options --force
++ set -x
++ _G_rc_run_hooks=false
++ case " $hookable_fns " in
++ eval '_G_hook_fns=$func_parse_options_hooks'
+++ _G_hook_fns=' libtoolize_parse_options'
++ shift
++ for _G_hook in $_G_hook_fns
++ eval libtoolize_parse_options '"$@"'
+++ libtoolize_parse_options --force
+++ set -x
+++ test 1 -gt 0
+++ _G_opt=--force
+++ shift
+++ case $_G_opt in
+++ opt_force=:
+++ test 0 -gt 0
+++ func_quote_for_eval
+++ set -x
+++ func_quote_for_eval_unquoted_result=
+++ func_quote_for_eval_result=
+++ test 0 -lt 0
+++ libtoolize_parse_options_result=
++ eval '_G_hook_result=$libtoolize_parse_options_result'
+++ _G_hook_result=
++ eval set dummy ''
+++ set dummy
++ shift
++ _G_rc_run_hooks=:
++ :
++ func_run_hooks_result=
++ eval set dummy ''
+++ set dummy
++ shift
++ _G_rc_parse_options=:
++ test 0 -gt 0
++ break
++ :
++ func_quote_for_eval
++ set -x
++ func_quote_for_eval_unquoted_result=
++ func_quote_for_eval_result=
++ test 0 -lt 0
++ func_parse_options_result=
++ :
+ eval '_G_res_var=$func_parse_options_result'
++ _G_res_var=
+ eval set dummy ''
++ set dummy
+ shift
+ _G_rc_options=:
+ for my_func in options_prep parse_options validate_options options_finish
+ eval func_validate_options '${1+"$@"}'
++ func_validate_options
++ set -x
++ _G_rc_validate_options=false
++ test -n ''
++ opt_warning_types=' environment file'
++ func_run_hooks func_validate_options
++ set -x
++ _G_rc_run_hooks=false
++ case " $hookable_fns " in
++ eval '_G_hook_fns=$func_validate_options_hooks'
+++ _G_hook_fns=' libtoolize_validate_options'
++ shift
++ for _G_hook in $_G_hook_fns
++ eval libtoolize_validate_options '"$@"'
+++ libtoolize_validate_options
+++ test -n ''
+++ false
+++ false
+++ false
+++ test 0 -lt 0
+++ func_quote_for_eval
+++ set -x
+++ func_quote_for_eval_unquoted_result=
+++ func_quote_for_eval_result=
+++ test 0 -lt 0
+++ libtoolize_validate_options_result=
++ eval '_G_hook_result=$libtoolize_validate_options_result'
+++ _G_hook_result=
++ eval set dummy ''
+++ set dummy
++ shift
++ _G_rc_run_hooks=:
++ :
++ func_run_hooks_result=
++ func_validate_options_result=
++ _G_rc_validate_options=:
++ : 1
++ :
+ eval '_G_res_var=$func_validate_options_result'
++ _G_res_var=
+ eval set dummy ''
++ set dummy
+ shift
+ _G_rc_options=:
+ for my_func in options_prep parse_options validate_options options_finish
+ eval func_options_finish '${1+"$@"}'
++ func_options_finish
++ set -x
++ _G_func_options_finish_exit=false
++ func_run_hooks func_options
++ set -x
++ _G_rc_run_hooks=false
++ case " $hookable_fns " in
++ eval '_G_hook_fns=$func_options_hooks'
+++ _G_hook_fns=
++ shift
++ false
++ false
+ :
+ func_options_result=
+ :
+ eval set dummy ''
++ set dummy
+ shift
+ for base in '' ltdl_
+ test ltdl_ = ''
+ p=
+ r=Makefile_am
+ v=require_Makefile_am
+ f=func_require_Makefile_am
+ eval 'require_Makefile_am=func_require_Makefile_am
  func_require_Makefile_am ()
  {
    $debug_cmd

    test -n "$Makefile_am" || Makefile_am=Makefile.am

    if test -f "$Makefile_am"; then
      func_verbose "found '\''$Makefile_am'\''"
    else
      Makefile_am=
    fi

    require_Makefile_am=:
  }'
++ require_Makefile_am=func_require_Makefile_am
+ o=Makefile_am
+ r=aclocal_amflags
+ v=require_aclocal_amflags
+ f=func_require_aclocal_amflags
+ eval 'require_aclocal_amflags=func_require_aclocal_amflags
  func_require_aclocal_amflags ()
  {
    $debug_cmd

    $require_Makefile_am

    test -n "$Makefile_am" && {
      _G_sed_extract_aclocal_amflags='\''s|#.*$||
        /^[	 ]*ACLOCAL_AMFLAGS[	 ]*=/ {
            s|^.*=[	 ]*\(.*\)|aclocal_amflags="\1"|
            p
        }'\''

      _G_aclocal_flags_cmd=`$SED -n "$_G_sed_extract_aclocal_amflags" \
          "$Makefile_am"`
      eval "$_G_aclocal_flags_cmd"

      test -n "$aclocal_amflags" && func_verbose "aclocal_amflags=$aclocal_amflags'\''"
    }

    require_aclocal_amflags=:
  }'
++ require_aclocal_amflags=func_require_aclocal_amflags
+ o=aclocal_amflags
+ r=am_macro_dir
+ v=require_am_macro_dir
+ f=func_require_am_macro_dir
+ eval 'require_am_macro_dir=func_require_am_macro_dir
  func_require_am_macro_dir ()
  {
    $debug_cmd

    $require_aclocal_amflags

    _G_minus_I_seen=false
    for _G_arg in $aclocal_amflags; do
      case $_G_minus_I_seen,$_G_arg in
        :,*)   am_macro_dir=$_G_arg; break ;;
        *,-I)  _G_minus_I_seen=: ;;
        *,-I*) am_macro_dir=`expr x$_G_arg : '\''x-I\(.*\)$'\''`; break ;;
      esac
    done

    test -n "$am_macro_dir" && func_verbose "am_macro_dir='\''$am_macro_dir'\''"

    require_am_macro_dir=:
  }'
++ require_am_macro_dir=func_require_am_macro_dir
+ o=am_macro_dir
+ for base in '' ltdl_
+ test ltdl_ = ltdl_
+ p='$pkgltdldir/'
+ r=ltdl_Makefile_am
+ v=require_ltdl_Makefile_am
+ f=func_require_ltdl_Makefile_am
+ eval 'require_ltdl_Makefile_am=func_require_ltdl_Makefile_am
  func_require_ltdl_Makefile_am ()
  {
    $debug_cmd

    test -n "$ltdl_Makefile_am" || ltdl_Makefile_am=$pkgltdldir/Makefile.am

    if test -f "$ltdl_Makefile_am"; then
      func_verbose "found '\''$ltdl_Makefile_am'\''"
    else
      ltdl_Makefile_am=
    fi

    require_ltdl_Makefile_am=:
  }'
++ require_ltdl_Makefile_am=func_require_ltdl_Makefile_am
+ o=ltdl_Makefile_am
+ r=ltdl_aclocal_amflags
+ v=require_ltdl_aclocal_amflags
+ f=func_require_ltdl_aclocal_amflags
+ eval 'require_ltdl_aclocal_amflags=func_require_ltdl_aclocal_amflags
  func_require_ltdl_aclocal_amflags ()
  {
    $debug_cmd

    $require_ltdl_Makefile_am

    test -n "$ltdl_Makefile_am" && {
      _G_sed_extract_aclocal_amflags='\''s|#.*$||
        /^[	 ]*ACLOCAL_AMFLAGS[	 ]*=/ {
            s|^.*=[	 ]*\(.*\)|ltdl_aclocal_amflags="\1"|
            p
        }'\''

      _G_aclocal_flags_cmd=`$SED -n "$_G_sed_extract_aclocal_amflags" \
          "$ltdl_Makefile_am"`
      eval "$_G_aclocal_flags_cmd"

      test -n "$ltdl_aclocal_amflags" && func_verbose "ltdl_aclocal_amflags=$ltdl_aclocal_amflags'\''"
    }

    require_ltdl_aclocal_amflags=:
  }'
++ require_ltdl_aclocal_amflags=func_require_ltdl_aclocal_amflags
+ o=ltdl_aclocal_amflags
+ r=ltdl_am_macro_dir
+ v=require_ltdl_am_macro_dir
+ f=func_require_ltdl_am_macro_dir
+ eval 'require_ltdl_am_macro_dir=func_require_ltdl_am_macro_dir
  func_require_ltdl_am_macro_dir ()
  {
    $debug_cmd

    $require_ltdl_aclocal_amflags

    _G_minus_I_seen=false
    for _G_arg in $ltdl_aclocal_amflags; do
      case $_G_minus_I_seen,$_G_arg in
        :,*)   ltdl_am_macro_dir=$_G_arg; break ;;
        *,-I)  _G_minus_I_seen=: ;;
        *,-I*) ltdl_am_macro_dir=`expr x$_G_arg : '\''x-I\(.*\)$'\''`; break ;;
      esac
    done

    test -n "$ltdl_am_macro_dir" && func_verbose "ltdl_am_macro_dir='\''$ltdl_am_macro_dir'\''"

    require_ltdl_am_macro_dir=:
  }'
++ require_ltdl_am_macro_dir=func_require_ltdl_am_macro_dir
+ o=ltdl_am_macro_dir
+ require_ac_aux_dir=func_require_ac_aux_dir
+ require_ac_ltdl_dir=func_require_ac_ltdl_dir
+ require_ac_ltdl_mode=func_require_ac_ltdl_mode
+ require_ac_ltdl_options=func_require_ac_ltdl_options
+ require_ac_macro_dir=func_require_ac_macro_dir
+ require_aux_dir=func_require_aux_dir
+ require_configure_ac=func_require_configure_ac
+ require_filter_Makefile_am=func_require_filter_Makefile_am
+ require_filter_aclocal_m4=func_require_filter_aclocal_m4
+ require_filter_configure_ac=func_require_filter_configure_ac
+ require_filter_ltdl_mk=func_require_filter_ltdl_mk
+ require_ltdl_ac_aux_dir=func_require_ltdl_ac_aux_dir
+ require_ltdl_dir=func_require_ltdl_dir
+ require_ltdl_mode=func_require_ltdl_mode
+ require_macro_dir=func_require_macro_dir
+ require_seen_ltdl=func_require_seen_ltdl
+ require_seen_libtool=func_require_seen_libtool
+ all_pkgaux_files='compile depcomp missing ltmain.sh'
+ all_pkgmacro_files='libtool.m4 ltargz.m4 ltdl.m4 ltoptions.m4 ltsugar.m4 ltversion.in ltversion.m4 lt~obsolete.m4'
+ all_pkgltdl_files='COPYING.LIB Makefile Makefile.in Makefile.inc Makefile.am README acinclude.m4 aclocal.m4 argz_.h argz.c config.h.in config-h.in configure configure.ac configure.in libltdl/lt__alloc.h libltdl/lt__argz.h libltdl/lt__dirent.h libltdl/lt__glibc.h libltdl/lt__private.h libltdl/lt__strl.h libltdl/lt_dlloader.h libltdl/lt_error.h libltdl/lt_system.h libltdl/slist.h loaders/dld_link.c loaders/dlopen.c loaders/dyld.c loaders/load_add_on.c loaders/loadlibrary.c loaders/preopen.c loaders/shl_load.c lt__alloc.c lt__argz.c lt__dirent.c lt__strl.c lt_dlloader.c lt_error.c ltdl.c ltdl.h ltdl.mk slist.c'
+ pkgaux_files='compile config.guess config.sub depcomp install-sh missing ltmain.sh'
+ pkgltdl_files='COPYING.LIB Makefile.am README configure.ac aclocal.m4 Makefile.in config-h.in configure libltdl/lt__alloc.h libltdl/lt__argz_.h libltdl/lt__dirent.h libltdl/lt__glibc.h libltdl/lt__private.h libltdl/lt__strl.h libltdl/lt_dlloader.h libltdl/lt_error.h libltdl/lt_system.h libltdl/slist.h loaders/dld_link.c loaders/dlopen.c loaders/dyld.c loaders/load_add_on.c loaders/loadlibrary.c loaders/preopen.c loaders/shl_load.c lt__alloc.c lt__argz.c lt__dirent.c lt__strl.c lt_dlloader.c lt_error.c ltdl.c ltdl.h ltdl.mk slist.c'
+ pkgmacro_files='libtool.m4 ltargz.m4 ltdl.m4 ltoptions.m4 ltsugar.m4 ltversion.m4 lt~obsolete.m4'
+ prefix=/usr
+ datadir=/usr/share
+ pkgauxdir=/usr/share/libtool/build-aux
+ pkgltdldir=/usr/share/libtool
+ aclocaldir=/usr/share/aclocal
+ test -n ''
+ func_nonemptydir_p pkgauxdir
+ set -x
+ my_dirvar=pkgauxdir
++ eval echo '$pkgauxdir'
+++ echo /usr/share/libtool/build-aux
+ my_dir=/usr/share/libtool/build-aux
+ test -d /usr/share/libtool/build-aux
+ test -n 'compile
config.guess
config.sub
depcomp
install-sh
ltmain.sh
missing'
+ func_nonemptydir_p pkgltdldir
+ set -x
+ my_dirvar=pkgltdldir
++ eval echo '$pkgltdldir'
+++ echo /usr/share/libtool
+ my_dir=/usr/share/libtool
+ test -d /usr/share/libtool
+ test -n 'COPYING.LIB
Makefile.am
Makefile.in
README
aclocal.m4
build-aux
config-h.in
configure
configure.ac
libltdl
loaders
lt__alloc.c
lt__argz.c
lt__dirent.c
lt__strl.c
lt_dlloader.c
lt_error.c
ltdl.c
ltdl.h
ltdl.mk
slist.c'
+ func_nonemptydir_p aclocaldir
+ set -x
+ my_dirvar=aclocaldir
++ eval echo '$aclocaldir'
+++ echo /usr/share/aclocal
+ my_dir=/usr/share/aclocal
+ test -d /usr/share/aclocal
+ test -n 'alsa.m4
bison-i18n.m4
cmake.m4
expat.m4
fontutil.m4
gettext.m4
glib-2.0.m4
glib-gettext.m4
gsettings.m4
host-cpu-c-abi.m4
iconv.m4
intlmacosx.m4
lib-ld.m4
lib-link.m4
lib-prefix.m4
libtool.m4
ltargz.m4
ltdl.m4
ltoptions.m4
ltsugar.m4
ltversion.m4
lt~obsolete.m4
nls.m4
pkg.m4
po.m4
progtest.m4
sdl.m4
xtrans.m4'
+ extract_trace=/usr/share/libtool/build-aux/extract-trace
+ func_require_seen_ltdl
+ set -x
+ func_require_configure_ac
+ set -x
+ test -z ''
+ func_autoconf_configure configure.ac
+ set -x
+ _G_sed_no_comment='s|#.*$||; s|^dnl .*$||; s| dnl .*$||;'
+ _G_ac_init=
+ test -f configure.ac
+ test -n ''
+ _G_status=1
+ test 0 -ne 1
+ func_verbose ''\''configure.ac'\'' not using Autoconf'
+ set -x
+ false
+ :
+ exit 1
+ test -z ''
+ func_autoconf_configure configure.in
+ set -x
+ _G_sed_no_comment='s|#.*$||; s|^dnl .*$||; s| dnl .*$||;'
+ _G_ac_init=
+ test -f configure.in
+ test -n ''
+ _G_status=1
+ test 0 -ne 1
+ func_verbose ''\''configure.in'\'' not using Autoconf'
+ set -x
+ false
+ :
+ exit 1
+ test -z ''
+ require_configure_ac=:
+ test -n ''
+ test -n ''
+ seen_ltdl=false
+ false
+ require_seen_ltdl=:
+ false
+ func_install_pkgaux_files
+ set -x
+ func_require_ac_aux_dir
+ set -x
+ :
+ test -n ''
+ test -n ''
+ require_ac_aux_dir=:
+ func_require_aux_dir
+ set -x
+ :
+ test -z ''
+ aux_dir=
+ test -z ''
+ false
+ test -z ''
+ for _G_dir in . .. ../..
+ test -f ./install-sh
+ test -f ./install.sh
+ for _G_dir in . .. ../..
+ test -f ../install-sh
+ test -f ../install.sh
+ for _G_dir in . .. ../..
+ test -f ../../install-sh
+ test -f ../../install.sh
+ test -z ''
+ aux_dir=.
+ require_aux_dir=:
+ :
+ func_require_ltdl_mode
+ set -x
+ func_require_ac_ltdl_mode
+ set -x
+ func_require_ac_ltdl_options
+ set -x
+ :
+ test -n ''
+ require_ac_ltdl_mode=:
+ case " $ac_ltdl_options " in
+ require_ac_ltdl_mode=:
+ test -z ''
+ ltdl_mode=
+ test -z ''
+ func_require_ltdl_dir
+ set -x
+ func_require_ac_ltdl_dir
+ set -x
+ :
+ test -n ''
++ echo ''
++ /bin/sed 's|/*$||'
+ ac_ltdl_dir=
+ require_ac_ltdl_dir=:
+ test -z ''
+ ltdl_dir=
+ test -z ''
+ false
+ test -n ''
+ require_ltdl_dir=:
+ test -n ''
+ test -n ''
+ func_verbose 'ltdl mode='\'''\'''
+ set -x
+ false
+ :
+ require_ltdl_mode=:
+ :
+ for file in $all_pkgaux_files
+ test -f ./compile
+ rm -f ./compile
+ for file in $all_pkgaux_files
+ test -f ./depcomp
+ rm -f ./depcomp
+ for file in $all_pkgaux_files
+ test -f ./missing
+ rm -f ./missing
+ for file in $all_pkgaux_files
+ test -f ./ltmain.sh
+ rm -f ./ltmain.sh
+ test -n ''
+ pkgaux_header='putting auxiliary files in '\''.'\''.'
+ for file in $pkgaux_files
+ case $file in
+ test subproject = ''
+ continue
+ for file in $pkgaux_files
+ case $file in
+ false
+ test subproject = ''
+ continue
+ for file in $pkgaux_files
+ case $file in
+ false
+ test subproject = ''
+ continue
+ for file in $pkgaux_files
+ case $file in
+ test subproject = ''
+ continue
+ for file in $pkgaux_files
+ case $file in
+ false
+ test subproject = ''
+ continue
+ for file in $pkgaux_files
+ case $file in
+ test subproject = ''
+ continue
+ for file in $pkgaux_files
+ case $file in
+ func_ltmain_update ltmain.sh /usr/share/libtool/build-aux . pkgaux_header
+ set -x
+ my_sed_ltmain='
	/^package_revision='\''*[0-9][1-9.]*'\''*/ {
	    s|^package_revision='\''*\([0-9.]*\)'\''*[	 ]*$|\1|
	    p
	}
	d'
+ func_keyword_update ltmain.sh /usr/share/libtool/build-aux . '
	/^package_revision='\''*[0-9][1-9.]*'\''*/ {
	    s|^package_revision='\''*\([0-9.]*\)'\''*[	 ]*$|\1|
	    p
	}
	d' pkgaux_header
+ set -x
+ my_filename=ltmain.sh
+ my_srcdir=/usr/share/libtool/build-aux
+ my_destdir=.
+ my_sed_script='
	/^package_revision='\''*[0-9][1-9.]*'\''*/ {
	    s|^package_revision='\''*\([0-9.]*\)'\''*[	 ]*$|\1|
	    p
	}
	d'
+ my_msg_var=pkgaux_header
+ my_srcfile=/usr/share/libtool/build-aux/ltmain.sh
+ my_destfile=./ltmain.sh
+ my_keyword_update_p=:
+ test -f /usr/share/libtool/build-aux/ltmain.sh
+ test -f ./ltmain.sh
+ :
+ rm -f ./ltmain.sh
+ func_copy ltmain.sh /usr/share/libtool/build-aux . pkgaux_header
+ set -x
+ my_filename=ltmain.sh
+ my_srcdir=/usr/share/libtool/build-aux
+ my_destdir=.
+ my_msg_var=pkgaux_header
+ my_filter=
+ my_srcfile=/usr/share/libtool/build-aux/ltmain.sh
+ my_destfile=./ltmain.sh
+ test -f /usr/share/libtool/build-aux/ltmain.sh
+ :
+ rm -f ./ltmain.sh
+ test -f ./ltmain.sh
+ func_dirname ./ltmain.sh
+ set -x
+ case $1 in
+ func_dirname_result=.
+ func_mkdir_p .
+ set -x
+ _G_directory_path=.
+ _G_dir_list=
+ test -n .
+ test : '!=' false
+ case $_G_directory_path in
+ test '!' -d .
++ printf '%s\n' ''
++ /bin/sed 's|:*$||'
+ _G_dir_list=
+ func_mkdir_p_IFS=' 	
'
+ IFS=:
+ IFS=' 	
'
+ test -d .
+ test -n ''
+ :
+ my_copycmd='cp -f'
+ my_copy_type=copying
+ my_copy_msg='copying file '\''./ltmain.sh'\'''
+ false
+ false
+ cp -f /usr/share/libtool/build-aux/ltmain.sh ./ltmain.sh
+ func_notquiet_hdr pkgaux_header 'copying file '\''./ltmain.sh'\'''
+ set -x
+ my_msg_var=pkgaux_header
+ shift
+ test -n 'copying file '\''./ltmain.sh'\'''
+ func_notquiet_once pkgaux_header
+ set -x
+ test -n pkgaux_header
+ eval 'my_msg=$pkgaux_header'
++ my_msg='putting auxiliary files in '\''.'\''.'
+ test -n 'putting auxiliary files in '\''.'\''.'
+ func_notquiet 'putting auxiliary files in '\''.'\''.'
+ set -x
+ :
+ :
+ eval pkgaux_header=
++ pkgaux_header=
+ func_notquiet 'copying file '\''./ltmain.sh'\'''
+ set -x
+ :
+ :
+ return
+ pkgaux_hdr='putting another copy of auxiliary files in '\''.'\'''
+ test -f ''
+ test -f ''
+ func_install_pkgmacro_files
+ set -x
+ func_require_ac_macro_dir
+ set -x
+ :
+ test -n ''
+ require_ac_macro_dir=:
+ func_require_am_macro_dir
+ set -x
+ func_require_aclocal_amflags
+ set -x
+ func_require_Makefile_am
+ set -x
+ test -n ''
+ Makefile_am=Makefile.am
+ test -f Makefile.am
+ Makefile_am=
+ require_Makefile_am=:
+ test -n ''
+ require_aclocal_amflags=:
+ _G_minus_I_seen=false
+ test -n ''
+ require_am_macro_dir=:
+ :
+ func_require_macro_dir
+ set -x
+ :
+ :
+ macro_dir=
+ test -z ''
+ macro_dir=
+ test -z ''
+ false
+ test -z ''
+ macro_dir=m4
+ test -n ''
+ require_macro_dir=:
+ false
+ test -n ''
+ return
+ func_install_pkgltdl_files
+ set -x
+ false
+ return
+ func_check_macros
+ set -x
+ :
+ :
+ :
+ :
+ :
+ :
+ :
+ :
+ :
+ func_require_seen_libtool
+ set -x
+ :
+ test -n ''
+ test -n ''
+ seen_libtool=false
+ false
+ require_seen_libtool=:
+ :
+ return
+ exit 0
